# JRE version: OpenJDK Runtime Environment (8.0_76-b03) (build 1.8.0_76-release-b03)
# Java VM: OpenJDK 64-Bit Server VM (25.76-b03 mixed mode windows-amd64 compressed oops)
Heap:
 PSYoungGen      total 907264K, used 49871K [0x0000000780000000, 0x00000007bec00000, 0x00000007c0000000)
  eden space 790528K, 6% used [0x0000000780000000,0x00000007830b3c30,0x00000007b0400000)
  from space 116736K, 0% used [0x00000007b7a00000,0x00000007b7a00000,0x00000007bec00000)
  to   space 118784K, 0% used [0x00000007b0400000,0x00000007b0400000,0x00000007b7800000)
 ParOldGen       total 389120K, used 114843K [0x0000000700000000, 0x0000000717c00000, 0x0000000780000000)
  object space 389120K, 29% used [0x0000000700000000,0x0000000707026cc0,0x0000000717c00000)
 Metaspace       used 172505K, capacity 181754K, committed 183680K, reserved 1210368K
  class space    used 20884K, capacity 23319K, committed 23680K, reserved 1048576K
GC Heap History (10 events):
Event: 13641.960 GC heap before
{Heap before GC invocations=165 (full 43):
 PSYoungGen      total 909312K, used 863995K [0x0000000780000000, 0x00000007c0000000, 0x00000007c0000000)
  eden space 783872K, 100% used [0x0000000780000000,0x00000007afd80000,0x00000007afd80000)
  from space 125440K, 63% used [0x00000007afd80000,0x00000007b4bbee98,0x00000007b7800000)
  to   space 132608K, 0% used [0x00000007b7e80000,0x00000007b7e80000,0x00000007c0000000)
 ParOldGen       total 389120K, used 119050K [0x0000000700000000, 0x0000000717c00000, 0x0000000780000000)
  object space 389120K, 30% used [0x0000000700000000,0x0000000707442af8,0x0000000717c00000)
 Metaspace       used 173446K, capacity 182876K, committed 183680K, reserved 1210368K
  class space    used 21054K, capacity 23550K, committed 23680K, reserved 1048576K
Event: 13641.977 GC heap after
Heap after GC invocations=165 (full 43):
 PSYoungGen      total 911872K, used 40955K [0x0000000780000000, 0x00000007bf500000, 0x00000007c0000000)
  eden space 790528K, 0% used [0x0000000780000000,0x0000000780000000,0x00000007b0400000)
  from space 121344K, 33% used [0x00000007b7e80000,0x00000007ba67edb8,0x00000007bf500000)
  to   space 123392K, 0% used [0x00000007b0400000,0x00000007b0400000,0x00000007b7c80000)
 ParOldGen       total 389120K, used 119050K [0x0000000700000000, 0x0000000717c00000, 0x0000000780000000)
  object space 389120K, 30% used [0x0000000700000000,0x0000000707442af8,0x0000000717c00000)
 Metaspace       used 173446K, capacity 182876K, committed 183680K, reserved 1210368K
  class space    used 21054K, capacity 23550K, committed 23680K, reserved 1048576K
}
Event: 13739.605 GC heap before
{Heap before GC invocations=166 (full 43):
 PSYoungGen      total 911872K, used 700313K [0x0000000780000000, 0x00000007bf500000, 0x00000007c0000000)
  eden space 790528K, 83% used [0x0000000780000000,0x00000007a83e77a8,0x00000007b0400000)
  from space 121344K, 33% used [0x00000007b7e80000,0x00000007ba67edb8,0x00000007bf500000)
  to   space 123392K, 0% used [0x00000007b0400000,0x00000007b0400000,0x00000007b7c80000)
 ParOldGen       total 389120K, used 119050K [0x0000000700000000, 0x0000000717c00000, 0x0000000780000000)
  object space 389120K, 30% used [0x0000000700000000,0x0000000707442af8,0x0000000717c00000)
 Metaspace       used 173458K, capacity 182876K, committed 183680K, reserved 1210368K
  class space    used 21054K, capacity 23550K, committed 23680K, reserved 1048576K
Event: 13739.613 GC heap after
Heap after GC invocations=166 (full 43):
 PSYoungGen      total 799744K, used 9135K [0x0000000780000000, 0x00000007bf000000, 0x00000007c0000000)
  eden space 790528K, 0% used [0x0000000780000000,0x0000000780000000,0x00000007b0400000)
  from space 9216K, 99% used [0x00000007b0400000,0x00000007b0cebc78,0x00000007b0d00000)
  to   space 120832K, 0% used [0x00000007b7a00000,0x00000007b7a00000,0x00000007bf000000)
 ParOldGen       total 389120K, used 119050K [0x0000000700000000, 0x0000000717c00000, 0x0000000780000000)
  object space 389120K, 30% used [0x0000000700000000,0x0000000707442af8,0x0000000717c00000)
 Metaspace       used 173458K, capacity 182876K, committed 183680K, reserved 1210368K
  class space    used 21054K, capacity 23550K, committed 23680K, reserved 1048576K
}
Event: 13739.613 GC heap before
{Heap before GC invocations=167 (full 44):
 PSYoungGen      total 799744K, used 9135K [0x0000000780000000, 0x00000007bf000000, 0x00000007c0000000)
  eden space 790528K, 0% used [0x0000000780000000,0x0000000780000000,0x00000007b0400000)
  from space 9216K, 99% used [0x00000007b0400000,0x00000007b0cebc78,0x00000007b0d00000)
  to   space 120832K, 0% used [0x00000007b7a00000,0x00000007b7a00000,0x00000007bf000000)
 ParOldGen       total 389120K, used 119050K [0x0000000700000000, 0x0000000717c00000, 0x0000000780000000)
  object space 389120K, 30% used [0x0000000700000000,0x0000000707442af8,0x0000000717c00000)
 Metaspace       used 173458K, capacity 182876K, committed 183680K, reserved 1210368K
  class space    used 21054K, capacity 23550K, committed 23680K, reserved 1048576K
Event: 13739.983 GC heap after
Heap after GC invocations=167 (full 44):
 PSYoungGen      total 799744K, used 0K [0x0000000780000000, 0x00000007bf000000, 0x00000007c0000000)
  eden space 790528K, 0% used [0x0000000780000000,0x0000000780000000,0x00000007b0400000)
  from space 9216K, 0% used [0x00000007b0400000,0x00000007b0400000,0x00000007b0d00000)
  to   space 120832K, 0% used [0x00000007b7a00000,0x00000007b7a00000,0x00000007bf000000)
 ParOldGen       total 389120K, used 121362K [0x0000000700000000, 0x0000000717c00000, 0x0000000780000000)
  object space 389120K, 31% used [0x0000000700000000,0x0000000707684908,0x0000000717c00000)
 Metaspace       used 173458K, capacity 182876K, committed 183680K, reserved 1210368K
  class space    used 21054K, capacity 23550K, committed 23680K, reserved 1048576K
}
Event: 14642.562 GC heap before
{Heap before GC invocations=168 (full 44):
 PSYoungGen      total 799744K, used 574442K [0x0000000780000000, 0x00000007bf000000, 0x00000007c0000000)
  eden space 790528K, 72% used [0x0000000780000000,0x00000007a30faaa0,0x00000007b0400000)
  from space 9216K, 0% used [0x00000007b0400000,0x00000007b0400000,0x00000007b0d00000)
  to   space 120832K, 0% used [0x00000007b7a00000,0x00000007b7a00000,0x00000007bf000000)
 ParOldGen       total 389120K, used 121362K [0x0000000700000000, 0x0000000717c00000, 0x0000000780000000)
  object space 389120K, 31% used [0x0000000700000000,0x0000000707684908,0x0000000717c00000)
 Metaspace       used 173518K, capacity 182958K, committed 183680K, reserved 1210368K
  class space    used 21055K, capacity 23553K, committed 23680K, reserved 1048576K
Event: 14642.569 GC heap after
Heap after GC invocations=168 (full 44):
 PSYoungGen      total 907264K, used 2432K [0x0000000780000000, 0x00000007bec00000, 0x00000007c0000000)
  eden space 790528K, 0% used [0x0000000780000000,0x0000000780000000,0x00000007b0400000)
  from space 116736K, 2% used [0x00000007b7a00000,0x00000007b7c60240,0x00000007bec00000)
  to   space 118784K, 0% used [0x00000007b0400000,0x00000007b0400000,0x00000007b7800000)
 ParOldGen       total 389120K, used 121370K [0x0000000700000000, 0x0000000717c00000, 0x0000000780000000)
  object space 389120K, 31% used [0x0000000700000000,0x0000000707686908,0x0000000717c00000)
 Metaspace       used 173518K, capacity 182958K, committed 183680K, reserved 1210368K
  class space    used 21055K, capacity 23553K, committed 23680K, reserved 1048576K
}
Event: 14642.569 GC heap before
{Heap before GC invocations=169 (full 45):
 PSYoungGen      total 907264K, used 2432K [0x0000000780000000, 0x00000007bec00000, 0x00000007c0000000)
  eden space 790528K, 0% used [0x0000000780000000,0x0000000780000000,0x00000007b0400000)
  from space 116736K, 2% used [0x00000007b7a00000,0x00000007b7c60240,0x00000007bec00000)
  to   space 118784K, 0% used [0x00000007b0400000,0x00000007b0400000,0x00000007b7800000)
 ParOldGen       total 389120K, used 121370K [0x0000000700000000, 0x0000000717c00000, 0x0000000780000000)
  object space 389120K, 31% used [0x0000000700000000,0x0000000707686908,0x0000000717c00000)
 Metaspace       used 173518K, capacity 182958K, committed 183680K, reserved 1210368K
  class space    used 21055K, capacity 23553K, committed 23680K, reserved 1048576K
Event: 14642.933 GC heap after
Heap after GC invocations=169 (full 45):
 PSYoungGen      total 907264K, used 0K [0x0000000780000000, 0x00000007bec00000, 0x00000007c0000000)
  eden space 790528K, 0% used [0x0000000780000000,0x0000000780000000,0x00000007b0400000)
  from space 116736K, 0% used [0x00000007b7a00000,0x00000007b7a00000,0x00000007bec00000)
  to   space 118784K, 0% used [0x00000007b0400000,0x00000007b0400000,0x00000007b7800000)
 ParOldGen       total 389120K, used 114843K [0x0000000700000000, 0x0000000717c00000, 0x0000000780000000)
  object space 389120K, 29% used [0x0000000700000000,0x0000000707026cc0,0x0000000717c00000)
 Metaspace       used 172503K, capacity 181754K, committed 183680K, reserved 1210368K
  class space    used 20884K, capacity 23319K, committed 23680K, reserved 1048576K
}

